  Hooking.Patterns.cpp
  CLODLightManager.cpp
g:\abram\dev\git\gtac_2dfx\projects\project2dfx\external\injector\include\injector\gvm\gvm.hpp(106): warning C4996: 'strcpy': This function or variable may be unsafe. Consider using strcpy_s instead. To disable deprecation, use _CRT_SECURE_NO_WARNINGS. See online help for details.
  c:\program files (x86)\windows kits\10\include\10.0.10240.0\ucrt\string.h(119): note: see declaration of 'strcpy'
g:\abram\dev\git\gtac_2dfx\projects\project2dfx\external\injector\include\injector\gvm\gvm.hpp(113): warning C4996: 'sprintf': This function or variable may be unsafe. Consider using sprintf_s instead. To disable deprecation, use _CRT_SECURE_NO_WARNINGS. See online help for details.
  c:\program files (x86)\windows kits\10\include\10.0.10240.0\ucrt\stdio.h(1769): note: see declaration of 'sprintf'
g:\abram\dev\git\gtac_2dfx\projects\project2dfx\external\injector\include\injector\gvm\gvm.hpp(132): warning C4996: 'sprintf': This function or variable may be unsafe. Consider using sprintf_s instead. To disable deprecation, use _CRT_SECURE_NO_WARNINGS. See online help for details.
  c:\program files (x86)\windows kits\10\include\10.0.10240.0\ucrt\stdio.h(1769): note: see declaration of 'sprintf'
g:\abram\dev\git\gtac_2dfx\projects\project2dfx\includes\general.h(38): warning C4996: 'fopen': This function or variable may be unsafe. Consider using fopen_s instead. To disable deprecation, use _CRT_SECURE_NO_WARNINGS. See online help for details.
  c:\program files (x86)\windows kits\10\include\10.0.10240.0\ucrt\stdio.h(205): note: see declaration of 'fopen'
g:\abram\dev\git\gtac_2dfx\projects\project2dfx\includes\clodlightmanager.cpp(50): warning C4996: 'strcat': This function or variable may be unsafe. Consider using strcat_s instead. To disable deprecation, use _CRT_SECURE_NO_WARNINGS. See online help for details.
  c:\program files (x86)\windows kits\10\include\10.0.10240.0\ucrt\string.h(86): note: see declaration of 'strcat'
g:\abram\dev\git\gtac_2dfx\projects\project2dfx\includes\clodlightmanager.cpp(81): warning C4996: 'sscanf': This function or variable may be unsafe. Consider using sscanf_s instead. To disable deprecation, use _CRT_SECURE_NO_WARNINGS. See online help for details.
  c:\program files (x86)\windows kits\10\include\10.0.10240.0\ucrt\stdio.h(2254): note: see declaration of 'sscanf'
  dllmain.cpp
g:\abram\dev\git\gtac_2dfx\projects\project2dfx\external\injector\include\injector\gvm\gvm.hpp(106): warning C4996: 'strcpy': This function or variable may be unsafe. Consider using strcpy_s instead. To disable deprecation, use _CRT_SECURE_NO_WARNINGS. See online help for details.
  c:\program files (x86)\windows kits\10\include\10.0.10240.0\ucrt\string.h(119): note: see declaration of 'strcpy'
g:\abram\dev\git\gtac_2dfx\projects\project2dfx\external\injector\include\injector\gvm\gvm.hpp(113): warning C4996: 'sprintf': This function or variable may be unsafe. Consider using sprintf_s instead. To disable deprecation, use _CRT_SECURE_NO_WARNINGS. See online help for details.
  c:\program files (x86)\windows kits\10\include\10.0.10240.0\ucrt\stdio.h(1769): note: see declaration of 'sprintf'
g:\abram\dev\git\gtac_2dfx\projects\project2dfx\external\injector\include\injector\gvm\gvm.hpp(132): warning C4996: 'sprintf': This function or variable may be unsafe. Consider using sprintf_s instead. To disable deprecation, use _CRT_SECURE_NO_WARNINGS. See online help for details.
  c:\program files (x86)\windows kits\10\include\10.0.10240.0\ucrt\stdio.h(1769): note: see declaration of 'sprintf'
g:\abram\dev\git\gtac_2dfx\projects\project2dfx\includes\general.h(38): warning C4996: 'fopen': This function or variable may be unsafe. Consider using fopen_s instead. To disable deprecation, use _CRT_SECURE_NO_WARNINGS. See online help for details.
  c:\program files (x86)\windows kits\10\include\10.0.10240.0\ucrt\stdio.h(205): note: see declaration of 'fopen'
g:\abram\dev\git\gtac_2dfx\projects\project2dfx\source\ivlodlights\dllmain.cpp(9): warning C4356: 'CLODLightManager::CurrentTimeHours': static data member cannot be initialized via derived class
g:\abram\dev\git\gtac_2dfx\projects\project2dfx\source\ivlodlights\dllmain.cpp(10): warning C4356: 'CLODLightManager::CurrentTimeMinutes': static data member cannot be initialized via derived class
g:\abram\dev\git\gtac_2dfx\projects\project2dfx\source\ivlodlights\dllmain.cpp(124): warning C4996: 'localtime': This function or variable may be unsafe. Consider using localtime_s instead. To disable deprecation, use _CRT_SECURE_NO_WARNINGS. See online help for details.
  c:\program files (x86)\windows kits\10\include\10.0.10240.0\ucrt\time.h(505): note: see declaration of 'localtime'
g:\abram\dev\git\gtac_2dfx\projects\project2dfx\source\ivlodlights\dllmain.cpp(309): warning C4244: 'argument': conversion from 'DWORD' to 'unsigned short', possible loss of data
g:\abram\dev\git\gtac_2dfx\projects\project2dfx\source\ivlodlights\dllmain.cpp(310): warning C4244: 'argument': conversion from 'DWORD' to 'unsigned short', possible loss of data
  Generating Code...
  IVLodLights.vcxproj -> G:\abram\dev\git\gtac_2dfx\Projects\project2dfx\build\..\data\IVLodLights\IVLodLights.asi
